{"/Users/matthew/Projects/jisho-to-anki/src/background/index.js": {"path":"/Users/matthew/Projects/jisho-to-anki/src/background/index.js","statementMap":{},"fnMap":{},"branchMap":{},"s":{},"f":{},"b":{}}
,"/Users/matthew/Projects/jisho-to-anki/src/injector/Card.js": {"path":"/Users/matthew/Projects/jisho-to-anki/src/injector/Card.js","statementMap":{"0":{"start":{"line":1,"column":39},"end":{"line":1,"column":101}},"1":{"start":{"line":2,"column":16},"end":{"line":2,"column":97}},"2":{"start":{"line":4,"column":21},"end":{"line":5,"column":45}},"3":{"start":{"line":7,"column":22},"end":{"line":7,"column":116}},"4":{"start":{"line":9,"column":22},"end":{"line":9,"column":124}},"5":{"start":{"line":11,"column":21},"end":{"line":11,"column":126}},"6":{"start":{"line":13,"column":19},"end":{"line":13,"column":157}},"7":{"start":{"line":15,"column":18},"end":{"line":15,"column":162}},"8":{"start":{"line":17,"column":11},"end":{"line":19,"column":100}},"9":{"start":{"line":22,"column":44},"end":{"line":38,"column":1}},"10":{"start":{"line":23,"column":19},"end":{"line":23,"column":51}},"11":{"start":{"line":24,"column":2},"end":{"line":24,"column":42}},"12":{"start":{"line":25,"column":2},"end":{"line":25,"column":42}},"13":{"start":{"line":26,"column":2},"end":{"line":26,"column":110}},"14":{"start":{"line":27,"column":18},"end":{"line":27,"column":42}},"15":{"start":{"line":28,"column":18},"end":{"line":28,"column":46}},"16":{"start":{"line":29,"column":17},"end":{"line":34,"column":8}},"17":{"start":{"line":35,"column":39},"end":{"line":35,"column":72}},"18":{"start":{"line":37,"column":2},"end":{"line":37,"column":34}},"19":{"start":{"line":40,"column":45},"end":{"line":49,"column":1}},"20":{"start":{"line":41,"column":13},"end":{"line":41,"column":28}},"21":{"start":{"line":42,"column":13},"end":{"line":42,"column":53}},"22":{"start":{"line":43,"column":12},"end":{"line":43,"column":44}},"23":{"start":{"line":44,"column":21},"end":{"line":44,"column":48}},"24":{"start":{"line":45,"column":2},"end":{"line":45,"column":26}},"25":{"start":{"line":46,"column":2},"end":{"line":46,"column":69}},"26":{"start":{"line":47,"column":2},"end":{"line":47,"column":23}},"27":{"start":{"line":48,"column":2},"end":{"line":48,"column":34}}},"fnMap":{"0":{"name":"cloneNode","decl":{"start":{"line":2,"column":25},"end":{"line":2,"column":34}},"loc":{"start":{"line":2,"column":67},"end":{"line":2,"column":97}}},"1":{"name":"findExactBlock","decl":{"start":{"line":4,"column":30},"end":{"line":4,"column":44}},"loc":{"start":{"line":4,"column":73},"end":{"line":5,"column":45}}},"2":{"name":"findResultTitle","decl":{"start":{"line":7,"column":31},"end":{"line":7,"column":46}},"loc":{"start":{"line":7,"column":79},"end":{"line":7,"column":116}}},"3":{"name":"getPartOfSpeech","decl":{"start":{"line":9,"column":31},"end":{"line":9,"column":46}},"loc":{"start":{"line":9,"column":79},"end":{"line":9,"column":124}}},"4":{"name":"getSeeAlsoTags","decl":{"start":{"line":11,"column":30},"end":{"line":11,"column":44}},"loc":{"start":{"line":11,"column":77},"end":{"line":11,"column":126}}},"5":{"name":"getFrontText","decl":{"start":{"line":13,"column":28},"end":{"line":13,"column":40}},"loc":{"start":{"line":13,"column":73},"end":{"line":13,"column":157}}},"6":{"name":"removeNodes","decl":{"start":{"line":15,"column":27},"end":{"line":15,"column":38}},"loc":{"start":{"line":15,"column":72},"end":{"line":15,"column":162}}},"7":{"name":"Node","decl":{"start":{"line":17,"column":20},"end":{"line":17,"column":24}},"loc":{"start":{"line":17,"column":57},"end":{"line":19,"column":100}}},"8":{"name":"cardBuilder","decl":{"start":{"line":22,"column":75},"end":{"line":22,"column":86}},"loc":{"start":{"line":22,"column":120},"end":{"line":38,"column":1}}},"9":{"name":"(anonymous_9)","decl":{"start":{"line":26,"column":43},"end":{"line":26,"column":44}},"loc":{"start":{"line":26,"column":85},"end":{"line":26,"column":108}}},"10":{"name":"downloadCard","decl":{"start":{"line":40,"column":77},"end":{"line":40,"column":89}},"loc":{"start":{"line":40,"column":124},"end":{"line":49,"column":1}}}},"branchMap":{},"s":{"0":0,"1":0,"2":0,"3":0,"4":0,"5":0,"6":0,"7":0,"8":0,"9":0,"10":0,"11":0,"12":0,"13":0,"14":0,"15":0,"16":0,"17":0,"18":0,"19":0,"20":0,"21":0,"22":0,"23":0,"24":0,"25":0,"26":0,"27":0},"f":{"0":0,"1":0,"2":0,"3":0,"4":0,"5":0,"6":0,"7":0,"8":0,"9":0,"10":0},"b":{}}
,"/Users/matthew/Projects/jisho-to-anki/src/injector/index.js": {"path":"/Users/matthew/Projects/jisho-to-anki/src/injector/index.js","statementMap":{"0":{"start":{"line":1,"column":39},"end":{"line":1,"column":60}}},"fnMap":{},"branchMap":{},"s":{"0":0},"f":{},"b":{}}
,"/Users/matthew/Projects/jisho-to-anki/src/injector/init.js": {"path":"/Users/matthew/Projects/jisho-to-anki/src/injector/init.js","statementMap":{"0":{"start":{"line":6,"column":17},"end":{"line":8,"column":63}},"1":{"start":{"line":11,"column":0},"end":{"line":15,"column":3}},"2":{"start":{"line":12,"column":2},"end":{"line":14,"column":3}},"3":{"start":{"line":13,"column":4},"end":{"line":13,"column":79}}},"fnMap":{"0":{"name":"(anonymous_0)","decl":{"start":{"line":11,"column":37},"end":{"line":11,"column":38}},"loc":{"start":{"line":11,"column":78},"end":{"line":15,"column":1}}}},"branchMap":{"0":{"loc":{"start":{"line":12,"column":2},"end":{"line":14,"column":3}},"type":"if","locations":[{"start":{"line":12,"column":2},"end":{"line":14,"column":3}},{"start":{"line":12,"column":2},"end":{"line":14,"column":3}}]}},"s":{"0":0,"1":0,"2":0,"3":0},"f":{"0":0},"b":{"0":[0,0]}}
,"/Users/matthew/Projects/jisho-to-anki/src/injector/utils.js": {"path":"/Users/matthew/Projects/jisho-to-anki/src/injector/utils.js","statementMap":{"0":{"start":{"line":3,"column":24},"end":{"line":3,"column":50}},"1":{"start":{"line":3,"column":41},"end":{"line":3,"column":50}},"2":{"start":{"line":5,"column":29},"end":{"line":12,"column":8}},"3":{"start":{"line":5,"column":36},"end":{"line":12,"column":8}},"4":{"start":{"line":14,"column":25},"end":{"line":14,"column":61}},"5":{"start":{"line":14,"column":32},"end":{"line":14,"column":61}},"6":{"start":{"line":16,"column":19},"end":{"line":16,"column":43}},"7":{"start":{"line":16,"column":26},"end":{"line":16,"column":43}},"8":{"start":{"line":18,"column":28},"end":{"line":18,"column":106}}},"fnMap":{"0":{"name":"(anonymous_0)","decl":{"start":{"line":3,"column":24},"end":{"line":3,"column":25}},"loc":{"start":{"line":3,"column":41},"end":{"line":3,"column":50}}},"1":{"name":"(anonymous_1)","decl":{"start":{"line":5,"column":29},"end":{"line":5,"column":30}},"loc":{"start":{"line":5,"column":36},"end":{"line":12,"column":8}}},"2":{"name":"(anonymous_2)","decl":{"start":{"line":14,"column":25},"end":{"line":14,"column":26}},"loc":{"start":{"line":14,"column":32},"end":{"line":14,"column":61}}},"3":{"name":"(anonymous_3)","decl":{"start":{"line":16,"column":19},"end":{"line":16,"column":20}},"loc":{"start":{"line":16,"column":26},"end":{"line":16,"column":43}}}},"branchMap":{"0":{"loc":{"start":{"line":3,"column":25},"end":{"line":3,"column":36}},"type":"default-arg","locations":[{"start":{"line":3,"column":31},"end":{"line":3,"column":36}}]}},"s":{"0":1,"1":1,"2":1,"3":1,"4":1,"5":1,"6":1,"7":1,"8":1},"f":{"0":1,"1":1,"2":1,"3":1},"b":{"0":[0]},"_coverageSchema":"332fd63041d2c1bcb487cc26dd0d5f7d97098a6c","hash":"2646daf69111d532578a66498a1185893a1b99e6"}
,"/Users/matthew/Projects/jisho-to-anki/src/popup/app.js": {"path":"/Users/matthew/Projects/jisho-to-anki/src/popup/app.js","statementMap":{"0":{"start":{"line":4,"column":164},"end":{"line":4,"column":218}},"1":{"start":{"line":6,"column":10},"end":{"line":6,"column":40}}},"fnMap":{"0":{"name":"_interopRequireDefault","decl":{"start":{"line":4,"column":135},"end":{"line":4,"column":157}},"loc":{"start":{"line":4,"column":163},"end":{"line":4,"column":219}}}},"branchMap":{"0":{"loc":{"start":{"line":4,"column":171},"end":{"line":4,"column":217}},"type":"cond-expr","locations":[{"start":{"line":4,"column":195},"end":{"line":4,"column":198}},{"start":{"line":4,"column":201},"end":{"line":4,"column":217}}]},"1":{"loc":{"start":{"line":4,"column":171},"end":{"line":4,"column":192}},"type":"binary-expr","locations":[{"start":{"line":4,"column":171},"end":{"line":4,"column":174}},{"start":{"line":4,"column":178},"end":{"line":4,"column":192}}]}},"s":{"0":0,"1":0},"f":{"0":0},"b":{"0":[0,0],"1":[0,0]}}
,"/Users/matthew/Projects/jisho-to-anki/src/popup/index.js": {"path":"/Users/matthew/Projects/jisho-to-anki/src/popup/index.js","statementMap":{"0":{"start":{"line":1,"column":39},"end":{"line":1,"column":59}}},"fnMap":{},"branchMap":{},"s":{"0":0},"f":{},"b":{}}
,"/Users/matthew/Projects/jisho-to-anki/src/popup/App/App.js": {"path":"/Users/matthew/Projects/jisho-to-anki/src/popup/App/App.js","statementMap":{"0":{"start":{"line":1,"column":39},"end":{"line":1,"column":101}},"1":{"start":{"line":1,"column":120},"end":{"line":1,"column":649}},"2":{"start":{"line":1,"column":175},"end":{"line":1,"column":440}},"3":{"start":{"line":1,"column":232},"end":{"line":1,"column":240}},"4":{"start":{"line":1,"column":241},"end":{"line":1,"column":296}},"5":{"start":{"line":1,"column":296},"end":{"line":1,"column":327}},"6":{"start":{"line":1,"column":327},"end":{"line":1,"column":381}},"7":{"start":{"line":1,"column":354},"end":{"line":1,"column":381}},"8":{"start":{"line":1,"column":381},"end":{"line":1,"column":439}},"9":{"start":{"line":1,"column":441},"end":{"line":1,"column":646}},"10":{"start":{"line":1,"column":497},"end":{"line":1,"column":565}},"11":{"start":{"line":1,"column":513},"end":{"line":1,"column":565}},"12":{"start":{"line":1,"column":565},"end":{"line":1,"column":625}},"13":{"start":{"line":1,"column":582},"end":{"line":1,"column":625}},"14":{"start":{"line":1,"column":625},"end":{"line":1,"column":644}},"15":{"start":{"line":7,"column":217},"end":{"line":7,"column":316}},"16":{"start":{"line":7,"column":258},"end":{"line":7,"column":315}},"17":{"start":{"line":7,"column":366},"end":{"line":7,"column":465}},"18":{"start":{"line":7,"column":378},"end":{"line":7,"column":464}},"19":{"start":{"line":7,"column":465},"end":{"line":7,"column":551}},"20":{"start":{"line":7,"column":594},"end":{"line":7,"column":757}},"21":{"start":{"line":7,"column":656},"end":{"line":7,"column":756}},"22":{"start":{"line":7,"column":757},"end":{"line":7,"column":921}},"23":{"start":{"line":7,"column":921},"end":{"line":7,"column":1039}},"24":{"start":{"line":7,"column":937},"end":{"line":7,"column":1039}},"25":{"start":{"line":9,"column":6},"end":{"line":45,"column":40}},"26":{"start":{"line":9,"column":29},"end":{"line":9,"column":56}},"27":{"start":{"line":10,"column":109},"end":{"line":10,"column":199}},"28":{"start":{"line":20,"column":3},"end":{"line":45,"column":10}},"29":{"start":{"line":23,"column":6},"end":{"line":27,"column":9}},"30":{"start":{"line":24,"column":8},"end":{"line":26,"column":11}},"31":{"start":{"line":31,"column":6},"end":{"line":33,"column":9}},"32":{"start":{"line":32,"column":8},"end":{"line":32,"column":125}},"33":{"start":{"line":38,"column":6},"end":{"line":42,"column":39}},"34":{"start":{"line":45,"column":10},"end":{"line":45,"column":21}}},"fnMap":{"0":{"name":"(anonymous_0)","decl":{"start":{"line":1,"column":120},"end":{"line":1,"column":121}},"loc":{"start":{"line":1,"column":132},"end":{"line":1,"column":647}}},"1":{"name":"defineProperties","decl":{"start":{"line":1,"column":142},"end":{"line":1,"column":158}},"loc":{"start":{"line":1,"column":174},"end":{"line":1,"column":441}}},"2":{"name":"(anonymous_2)","decl":{"start":{"line":1,"column":448},"end":{"line":1,"column":449}},"loc":{"start":{"line":1,"column":496},"end":{"line":1,"column":645}}},"3":{"name":"_classCallCheck","decl":{"start":{"line":7,"column":177},"end":{"line":7,"column":192}},"loc":{"start":{"line":7,"column":216},"end":{"line":7,"column":317}}},"4":{"name":"_possibleConstructorReturn","decl":{"start":{"line":7,"column":326},"end":{"line":7,"column":352}},"loc":{"start":{"line":7,"column":365},"end":{"line":7,"column":552}}},"5":{"name":"_inherits","decl":{"start":{"line":7,"column":561},"end":{"line":7,"column":570}},"loc":{"start":{"line":7,"column":593},"end":{"line":7,"column":1040}}},"6":{"name":"(anonymous_6)","decl":{"start":{"line":9,"column":6},"end":{"line":9,"column":7}},"loc":{"start":{"line":9,"column":28},"end":{"line":45,"column":22}}},"7":{"name":"App","decl":{"start":{"line":10,"column":37},"end":{"line":10,"column":40}},"loc":{"start":{"line":10,"column":43},"end":{"line":20,"column":3}}},"8":{"name":"handleRequestClick","decl":{"start":{"line":20,"column":67},"end":{"line":20,"column":85}},"loc":{"start":{"line":22,"column":4},"end":{"line":28,"column":5}}},"9":{"name":"(anonymous_9)","decl":{"start":{"line":23,"column":63},"end":{"line":23,"column":64}},"loc":{"start":{"line":23,"column":79},"end":{"line":27,"column":7}}},"10":{"name":"(anonymous_10)","decl":{"start":{"line":24,"column":70},"end":{"line":24,"column":71}},"loc":{"start":{"line":24,"column":113},"end":{"line":26,"column":9}}},"11":{"name":"handleDownloadClick","decl":{"start":{"line":28,"column":55},"end":{"line":28,"column":74}},"loc":{"start":{"line":30,"column":4},"end":{"line":34,"column":5}}},"12":{"name":"(anonymous_12)","decl":{"start":{"line":31,"column":63},"end":{"line":31,"column":64}},"loc":{"start":{"line":31,"column":79},"end":{"line":33,"column":7}}},"13":{"name":"render","decl":{"start":{"line":34,"column":42},"end":{"line":34,"column":48}},"loc":{"start":{"line":36,"column":4},"end":{"line":45,"column":5}}}},"branchMap":{"0":{"loc":{"start":{"line":1,"column":265},"end":{"line":1,"column":295}},"type":"binary-expr","locations":[{"start":{"line":1,"column":265},"end":{"line":1,"column":286}},{"start":{"line":1,"column":290},"end":{"line":1,"column":295}}]},"1":{"loc":{"start":{"line":1,"column":327},"end":{"line":1,"column":381}},"type":"if","locations":[{"start":{"line":1,"column":327},"end":{"line":1,"column":381}},{"start":{"line":1,"column":327},"end":{"line":1,"column":381}}]},"2":{"loc":{"start":{"line":1,"column":497},"end":{"line":1,"column":565}},"type":"if","locations":[{"start":{"line":1,"column":497},"end":{"line":1,"column":565}},{"start":{"line":1,"column":497},"end":{"line":1,"column":565}}]},"3":{"loc":{"start":{"line":1,"column":565},"end":{"line":1,"column":625}},"type":"if","locations":[{"start":{"line":1,"column":565},"end":{"line":1,"column":625}},{"start":{"line":1,"column":565},"end":{"line":1,"column":625}}]},"4":{"loc":{"start":{"line":7,"column":217},"end":{"line":7,"column":316}},"type":"if","locations":[{"start":{"line":7,"column":217},"end":{"line":7,"column":316}},{"start":{"line":7,"column":217},"end":{"line":7,"column":316}}]},"5":{"loc":{"start":{"line":7,"column":366},"end":{"line":7,"column":465}},"type":"if","locations":[{"start":{"line":7,"column":366},"end":{"line":7,"column":465}},{"start":{"line":7,"column":366},"end":{"line":7,"column":465}}]},"6":{"loc":{"start":{"line":7,"column":472},"end":{"line":7,"column":550}},"type":"cond-expr","locations":[{"start":{"line":7,"column":539},"end":{"line":7,"column":543}},{"start":{"line":7,"column":546},"end":{"line":7,"column":550}}]},"7":{"loc":{"start":{"line":7,"column":472},"end":{"line":7,"column":536}},"type":"binary-expr","locations":[{"start":{"line":7,"column":472},"end":{"line":7,"column":476}},{"start":{"line":7,"column":481},"end":{"line":7,"column":505}},{"start":{"line":7,"column":509},"end":{"line":7,"column":535}}]},"8":{"loc":{"start":{"line":7,"column":594},"end":{"line":7,"column":757}},"type":"if","locations":[{"start":{"line":7,"column":594},"end":{"line":7,"column":757}},{"start":{"line":7,"column":594},"end":{"line":7,"column":757}}]},"9":{"loc":{"start":{"line":7,"column":598},"end":{"line":7,"column":653}},"type":"binary-expr","locations":[{"start":{"line":7,"column":598},"end":{"line":7,"column":630}},{"start":{"line":7,"column":634},"end":{"line":7,"column":653}}]},"10":{"loc":{"start":{"line":7,"column":792},"end":{"line":7,"column":826}},"type":"binary-expr","locations":[{"start":{"line":7,"column":792},"end":{"line":7,"column":802}},{"start":{"line":7,"column":806},"end":{"line":7,"column":826}}]},"11":{"loc":{"start":{"line":7,"column":921},"end":{"line":7,"column":1039}},"type":"if","locations":[{"start":{"line":7,"column":921},"end":{"line":7,"column":1039}},{"start":{"line":7,"column":921},"end":{"line":7,"column":1039}}]},"12":{"loc":{"start":{"line":7,"column":937},"end":{"line":7,"column":1038}},"type":"cond-expr","locations":[{"start":{"line":7,"column":961},"end":{"line":7,"column":1004}},{"start":{"line":7,"column":1007},"end":{"line":7,"column":1038}}]},"13":{"loc":{"start":{"line":10,"column":143},"end":{"line":10,"column":186}},"type":"binary-expr","locations":[{"start":{"line":10,"column":143},"end":{"line":10,"column":156}},{"start":{"line":10,"column":160},"end":{"line":10,"column":186}}]}},"s":{"0":0,"1":0,"2":0,"3":0,"4":0,"5":0,"6":0,"7":0,"8":0,"9":0,"10":0,"11":0,"12":0,"13":0,"14":0,"15":0,"16":0,"17":0,"18":0,"19":0,"20":0,"21":0,"22":0,"23":0,"24":0,"25":0,"26":0,"27":0,"28":0,"29":0,"30":0,"31":0,"32":0,"33":0,"34":0},"f":{"0":0,"1":0,"2":0,"3":0,"4":0,"5":0,"6":0,"7":0,"8":0,"9":0,"10":0,"11":0,"12":0,"13":0},"b":{"0":[0,0],"1":[0,0],"2":[0,0],"3":[0,0],"4":[0,0],"5":[0,0],"6":[0,0],"7":[0,0,0],"8":[0,0],"9":[0,0],"10":[0,0],"11":[0,0],"12":[0,0],"13":[0,0]}}
,"/Users/matthew/Projects/jisho-to-anki/src/popup/components/Main.js": {"path":"/Users/matthew/Projects/jisho-to-anki/src/popup/components/Main.js","statementMap":{"0":{"start":{"line":1,"column":39},"end":{"line":1,"column":101}},"1":{"start":{"line":1,"column":101},"end":{"line":5,"column":5}},"2":{"start":{"line":12,"column":2},"end":{"line":23,"column":424}},"3":{"start":{"line":29,"column":0},"end":{"line":32,"column":73}}},"fnMap":{"0":{"name":"Main","decl":{"start":{"line":5,"column":312},"end":{"line":5,"column":316}},"loc":{"start":{"line":5,"column":324},"end":{"line":27,"column":1}}}},"branchMap":{"0":{"loc":{"start":{"line":18,"column":148},"end":{"line":18,"column":182}},"type":"cond-expr","locations":[{"start":{"line":18,"column":162},"end":{"line":18,"column":177}},{"start":{"line":18,"column":180},"end":{"line":18,"column":182}}]}},"s":{"0":0,"1":0,"2":0,"3":0},"f":{"0":0},"b":{"0":[0,0]}}
}
