TN:
SF:/Users/matthew/Projects/jisho-to-anki/src/background/index.js
FNF:0
FNH:0
LF:0
LH:0
BRF:0
BRH:0
end_of_record
TN:
SF:/Users/matthew/Projects/jisho-to-anki/src/injector/Card.js
FN:2,cloneNode
FN:4,findExactBlock
FN:7,findResultTitle
FN:9,getPartOfSpeech
FN:11,getSeeAlsoTags
FN:13,getFrontText
FN:15,removeNodes
FN:17,Node
FN:22,cardBuilder
FN:26,(anonymous_9)
FN:40,downloadCard
FNF:11
FNH:0
FNDA:0,cloneNode
FNDA:0,findExactBlock
FNDA:0,findResultTitle
FNDA:0,getPartOfSpeech
FNDA:0,getSeeAlsoTags
FNDA:0,getFrontText
FNDA:0,removeNodes
FNDA:0,Node
FNDA:0,cardBuilder
FNDA:0,(anonymous_9)
FNDA:0,downloadCard
DA:1,0
DA:2,0
DA:4,0
DA:7,0
DA:9,0
DA:11,0
DA:13,0
DA:15,0
DA:17,0
DA:22,0
DA:23,0
DA:24,0
DA:25,0
DA:26,0
DA:27,0
DA:28,0
DA:29,0
DA:35,0
DA:37,0
DA:40,0
DA:41,0
DA:42,0
DA:43,0
DA:44,0
DA:45,0
DA:46,0
DA:47,0
DA:48,0
LF:28
LH:0
BRF:0
BRH:0
end_of_record
TN:
SF:/Users/matthew/Projects/jisho-to-anki/src/injector/index.js
FNF:0
FNH:0
DA:1,0
LF:1
LH:0
BRF:0
BRH:0
end_of_record
TN:
SF:/Users/matthew/Projects/jisho-to-anki/src/injector/init.js
FN:11,(anonymous_0)
FNF:1
FNH:0
FNDA:0,(anonymous_0)
DA:6,0
DA:11,0
DA:12,0
DA:13,0
LF:4
LH:0
BRDA:12,0,0,0
BRDA:12,0,1,0
BRF:2
BRH:0
end_of_record
TN:
SF:/Users/matthew/Projects/jisho-to-anki/src/injector/utils.js
FN:3,(anonymous_0)
FN:5,(anonymous_1)
FN:14,(anonymous_2)
FN:16,(anonymous_3)
FNF:4
FNH:4
FNDA:1,(anonymous_0)
FNDA:1,(anonymous_1)
FNDA:1,(anonymous_2)
FNDA:1,(anonymous_3)
DA:3,1
DA:5,1
DA:14,1
DA:16,1
DA:18,1
LF:5
LH:5
BRDA:3,0,0,0
BRF:1
BRH:0
end_of_record
TN:
SF:/Users/matthew/Projects/jisho-to-anki/src/popup/app.js
FN:4,_interopRequireDefault
FNF:1
FNH:0
FNDA:0,_interopRequireDefault
DA:4,0
DA:6,0
LF:2
LH:0
BRDA:4,0,0,0
BRDA:4,0,1,0
BRDA:4,1,0,0
BRDA:4,1,1,0
BRF:4
BRH:0
end_of_record
TN:
SF:/Users/matthew/Projects/jisho-to-anki/src/popup/index.js
FNF:0
FNH:0
DA:1,0
LF:1
LH:0
BRF:0
BRH:0
end_of_record
TN:
SF:/Users/matthew/Projects/jisho-to-anki/src/popup/App/App.js
FN:1,(anonymous_0)
FN:1,defineProperties
FN:1,(anonymous_2)
FN:7,_classCallCheck
FN:7,_possibleConstructorReturn
FN:7,_inherits
FN:9,(anonymous_6)
FN:10,App
FN:20,handleRequestClick
FN:23,(anonymous_9)
FN:24,(anonymous_10)
FN:28,handleDownloadClick
FN:31,(anonymous_12)
FN:34,render
FNF:14
FNH:0
FNDA:0,(anonymous_0)
FNDA:0,defineProperties
FNDA:0,(anonymous_2)
FNDA:0,_classCallCheck
FNDA:0,_possibleConstructorReturn
FNDA:0,_inherits
FNDA:0,(anonymous_6)
FNDA:0,App
FNDA:0,handleRequestClick
FNDA:0,(anonymous_9)
FNDA:0,(anonymous_10)
FNDA:0,handleDownloadClick
FNDA:0,(anonymous_12)
FNDA:0,render
DA:1,0
DA:7,0
DA:9,0
DA:10,0
DA:20,0
DA:23,0
DA:24,0
DA:31,0
DA:32,0
DA:38,0
DA:45,0
LF:11
LH:0
BRDA:1,0,0,0
BRDA:1,0,1,0
BRDA:1,1,0,0
BRDA:1,1,1,0
BRDA:1,2,0,0
BRDA:1,2,1,0
BRDA:1,3,0,0
BRDA:1,3,1,0
BRDA:7,4,0,0
BRDA:7,4,1,0
BRDA:7,5,0,0
BRDA:7,5,1,0
BRDA:7,6,0,0
BRDA:7,6,1,0
BRDA:7,7,0,0
BRDA:7,7,1,0
BRDA:7,7,2,0
BRDA:7,8,0,0
BRDA:7,8,1,0
BRDA:7,9,0,0
BRDA:7,9,1,0
BRDA:7,10,0,0
BRDA:7,10,1,0
BRDA:7,11,0,0
BRDA:7,11,1,0
BRDA:7,12,0,0
BRDA:7,12,1,0
BRDA:10,13,0,0
BRDA:10,13,1,0
BRF:29
BRH:0
end_of_record
TN:
SF:/Users/matthew/Projects/jisho-to-anki/src/popup/components/Main.js
FN:5,Main
FNF:1
FNH:0
FNDA:0,Main
DA:1,0
DA:12,0
DA:29,0
LF:3
LH:0
BRDA:18,0,0,0
BRDA:18,0,1,0
BRF:2
BRH:0
end_of_record
